\BOOKMARK [0][]{ustcchapter.1.0}{\376\377\134\001\227\142}{}% 1
\BOOKMARK [0][]{ustcchapter.2.0}{\376\377\000T\000i\000t\000l\000e\000\040\000p\000a\000g\000e}{}% 2
\BOOKMARK [0][]{ustcchapter.3.0}{\376\377\123\237\122\033\140\047\124\214\143\210\147\103\117\177\165\050\130\360\146\016}{}% 3
\BOOKMARK [0][]{ustcchapter.4.0}{\376\377\144\130\211\201}{}% 4
\BOOKMARK [0][]{ustcchapter.5.0}{\376\377\000A\000b\000s\000t\000r\000a\000c\000t}{}% 5
\BOOKMARK [0][]{ustcchapter.6.0}{\376\377\166\356\137\125}{}% 6
\BOOKMARK [0][]{chapter.1}{\376\377\173\054\0001\172\340\000\040\176\352\213\272}{}% 7
\BOOKMARK [1][-]{section.1.1}{\376\377\0001\000.\0001\000\040\217\320\210\114\145\366\117\030\123\026\170\024\172\166\141\017\116\111}{chapter.1}% 8
\BOOKMARK [1][-]{section.1.2}{\376\377\0001\000.\0002\000\040\126\375\121\205\131\026\170\024\172\166\163\260\162\266}{chapter.1}% 9
\BOOKMARK [1][-]{section.1.3}{\376\377\0001\000.\0003\000\040\147\054\145\207\116\073\211\201\135\345\117\134}{chapter.1}% 10
\BOOKMARK [1][-]{section.1.4}{\376\377\0001\000.\0004\000\040\147\054\145\207\176\304\176\307\176\323\147\204}{chapter.1}% 11
\BOOKMARK [1][-]{section.1.5}{\376\377\0001\000.\0005\000\040\147\054\172\340\134\017\176\323}{chapter.1}% 12
\BOOKMARK [0][]{chapter.2}{\376\377\173\054\0002\172\340\000\040\166\370\121\163\142\200\147\057\173\200\116\313}{}% 13
\BOOKMARK [1][-]{section.2.1}{\376\377\0002\000.\0001\000\040\155\361\136\246\133\146\116\140\213\241\173\227\136\223\147\266\147\204\122\006\147\220}{chapter.2}% 14
\BOOKMARK [2][-]{subsection.2.1.1}{\376\377\0002\000.\0001\000.\0001\000\040\170\154\116\366\134\102}{section.2.1}% 15
\BOOKMARK [2][-]{subsection.2.1.2}{\376\377\0002\000.\0001\000.\0002\000\040\232\161\122\250\134\102}{section.2.1}% 16
\BOOKMARK [2][-]{subsection.2.1.3}{\376\377\0002\000.\0001\000.\0003\000\040\217\320\210\114\145\366\134\102\377\010\154\107\200\132\134\102\377\011}{section.2.1}% 17
\BOOKMARK [2][-]{subsection.2.1.4}{\376\377\0002\000.\0001\000.\0004\000\040\177\026\213\321\134\102}{section.2.1}% 18
\BOOKMARK [2][-]{subsection.2.1.5}{\376\377\0002\000.\0001\000.\0005\000\040\150\106\147\266\134\102\377\010\136\224\165\050\134\102\377\011}{section.2.1}% 19
\BOOKMARK [1][-]{section.2.2}{\376\377\0002\000.\0002\000\040\000D\000N\000N\000C\000L\200\314\146\157\116\313\176\315}{chapter.2}% 20
\BOOKMARK [1][-]{section.2.3}{\376\377\0002\000.\0003\000\040\000D\000N\000N\000C\000L\177\026\172\013\152\041\127\213\116\313\176\315}{chapter.2}% 21
\BOOKMARK [2][-]{subsection.2.3.1}{\376\377\0002\000.\0003\000.\0001\000\040\217\271}{section.2.3}% 22
\BOOKMARK [2][-]{subsection.2.3.2}{\376\377\0002\000.\0003\000.\0002\000\040\202\202\160\271}{section.2.3}% 23
\BOOKMARK [2][-]{subsection.2.3.3}{\376\377\0002\000.\0003\000.\0003\000\040\126\376}{section.2.3}% 24
\BOOKMARK [2][-]{subsection.2.3.4}{\376\377\0002\000.\0003\000.\0004\000\040\226\037\122\027}{section.2.3}% 25
\BOOKMARK [2][-]{subsection.2.3.5}{\376\377\0002\000.\0003\000.\0005\000\040\213\276\131\007}{section.2.3}% 26
\BOOKMARK [2][-]{subsection.2.3.6}{\376\377\0002\000.\0003\000.\0006\000\040\121\205\150\070}{section.2.3}% 27
\BOOKMARK [1][-]{section.2.4}{\376\377\0002\000.\0004\000\040\000D\000N\000N\000C\000L\217\320\210\114\155\101\172\013}{chapter.2}% 28
\BOOKMARK [1][-]{section.2.5}{\376\377\0002\000.\0005\000\040\147\054\172\340\134\017\176\323}{chapter.2}% 29
\BOOKMARK [0][]{chapter.3}{\376\377\173\054\0003\172\340\000\040\227\000\154\102\122\006\147\220}{}% 30
\BOOKMARK [1][-]{section.3.1}{\376\377\0003\000.\0001\000\040\227\000\154\102\143\026\143\230}{chapter.3}% 31
\BOOKMARK [1][-]{section.3.2}{\376\377\0003\000.\0002\000\040\122\237\200\375\140\047\227\000\154\102}{chapter.3}% 32
\BOOKMARK [1][-]{section.3.3}{\376\377\0003\000.\0003\000\040\227\136\122\237\200\375\140\047\227\000\154\102}{chapter.3}% 33
\BOOKMARK [2][-]{subsection.3.3.1}{\376\377\0003\000.\0003\000.\0001\000\040\145\366\225\364\162\171\140\047}{section.3.3}% 34
\BOOKMARK [2][-]{subsection.3.3.2}{\376\377\0003\000.\0003\000.\0002\000\040\165\050\142\067\123\313\131\175\140\047}{section.3.3}% 35
\BOOKMARK [1][-]{section.3.4}{\376\377\0003\000.\0004\000\040\147\054\172\340\134\017\176\323}{chapter.3}% 36
\BOOKMARK [0][]{chapter.4}{\376\377\173\054\0004\172\340\000\040\151\202\211\201\213\276\213\241}{}% 37
\BOOKMARK [1][-]{section.4.1}{\376\377\0004\000.\0001\000\040\140\073\117\123\213\276\213\241}{chapter.4}% 38
\BOOKMARK [2][-]{subsection.4.1.1}{\376\377\0004\000.\0001\000.\0001\000\040\116\073\155\101\172\013\117\030\123\026}{section.4.1}% 39
\BOOKMARK [2][-]{subsection.4.1.2}{\376\377\0004\000.\0001\000.\0002\000\040\152\041\127\127\122\006\211\343}{section.4.1}% 40
\BOOKMARK [1][-]{section.4.2}{\376\377\0004\000.\0002\000\040\126\376\117\341\140\157\117\335\133\130\152\041\127\127}{chapter.4}% 41
\BOOKMARK [2][-]{subsection.4.2.1}{\376\377\0004\000.\0002\000.\0001\000\040\122\237\200\375\151\202\217\360}{section.4.2}% 42
\BOOKMARK [2][-]{subsection.4.2.2}{\376\377\0004\000.\0002\000.\0002\000\040\213\276\213\241\140\035\215\357}{section.4.2}% 43
\BOOKMARK [2][-]{subsection.4.2.3}{\376\377\0004\000.\0002\000.\0003\000\040\163\257\130\203\117\341\140\157\117\335\133\130}{section.4.2}% 44
\BOOKMARK [2][-]{subsection.4.2.4}{\376\377\0004\000.\0002\000.\0004\000\040\147\103\120\074\117\341\140\157\117\335\133\130}{section.4.2}% 45
\BOOKMARK [2][-]{subsection.4.2.5}{\376\377\0004\000.\0002\000.\0005\000\040\176\323\147\204\117\341\140\157\117\335\133\130}{section.4.2}% 46
\BOOKMARK [2][-]{subsection.4.2.6}{\376\377\0004\000.\0002\000.\0006\000\040\143\245\123\343\213\276\213\241}{section.4.2}% 47
\BOOKMARK [1][-]{section.4.3}{\376\377\0004\000.\0003\000\040\126\376\117\341\140\157\213\306\122\053\152\041\127\127}{chapter.4}% 48
\BOOKMARK [2][-]{subsection.4.3.1}{\376\377\0004\000.\0003\000.\0001\000\040\122\237\200\375\151\202\217\360}{section.4.3}% 49
\BOOKMARK [2][-]{subsection.4.3.2}{\376\377\0004\000.\0003\000.\0002\000\040\213\276\213\241\140\035\215\357}{section.4.3}% 50
\BOOKMARK [2][-]{subsection.4.3.3}{\376\377\0004\000.\0003\000.\0003\000\040\143\245\123\343\213\276\213\241}{section.4.3}% 51
\BOOKMARK [1][-]{section.4.4}{\376\377\0004\000.\0004\000\040\143\007\116\344\117\335\133\130\124\214\122\240\217\175\152\041\127\127}{chapter.4}% 52
\BOOKMARK [2][-]{subsection.4.4.1}{\376\377\0004\000.\0004\000.\0001\000\040\122\237\200\375\151\202\217\360}{section.4.4}% 53
\BOOKMARK [2][-]{subsection.4.4.2}{\376\377\0004\000.\0004\000.\0002\000\040\220\032\165\050\155\361\136\246\133\146\116\140\152\041\127\213\213\276\213\241}{section.4.4}% 54
\BOOKMARK [2][-]{subsection.4.4.3}{\376\377\0004\000.\0004\000.\0003\000\040\143\007\116\344\177\023\133\130\213\276\213\241\140\035\215\357}{section.4.4}% 55
\BOOKMARK [2][-]{subsection.4.4.4}{\376\377\0004\000.\0004\000.\0004\000\040\143\245\123\343\213\276\213\241}{section.4.4}% 56
\BOOKMARK [1][-]{section.4.5}{\376\377\0004\000.\0005\000\040\147\103\120\074\146\377\143\142\152\041\127\127}{chapter.4}% 57
\BOOKMARK [2][-]{subsection.4.5.1}{\376\377\0004\000.\0005\000.\0001\000\040\122\237\200\375\151\202\217\360}{section.4.5}% 58
\BOOKMARK [2][-]{subsection.4.5.2}{\376\377\0004\000.\0005\000.\0002\000\040\213\276\213\241\140\035\215\357}{section.4.5}% 59
\BOOKMARK [2][-]{subsection.4.5.3}{\376\377\0004\000.\0005\000.\0003\000\040\143\245\123\343\213\276\213\241}{section.4.5}% 60
\BOOKMARK [1][-]{section.4.6}{\376\377\0004\000.\0006\000\040\147\103\120\074\221\317\123\026\152\041\127\127}{chapter.4}% 61
\BOOKMARK [2][-]{subsection.4.6.1}{\376\377\0004\000.\0006\000.\0001\000\040\122\237\200\375\151\202\217\360}{section.4.6}% 62
\BOOKMARK [2][-]{subsection.4.6.2}{\376\377\0004\000.\0006\000.\0002\000\040\213\276\213\241\140\035\215\357}{section.4.6}% 63
\BOOKMARK [2][-]{subsection.4.6.3}{\376\377\0004\000.\0006\000.\0003\000\040\221\317\123\026\123\302\145\160\154\102\211\343}{section.4.6}% 64
\BOOKMARK [2][-]{subsection.4.6.4}{\376\377\0004\000.\0006\000.\0004\000\040\143\245\123\343\213\276\213\241}{section.4.6}% 65
\BOOKMARK [1][-]{section.4.7}{\376\377\0004\000.\0007\000\040\147\054\172\340\134\017\176\323}{chapter.4}% 66
\BOOKMARK [0][]{chapter.5}{\376\377\173\054\0005\172\340\000\040\213\346\176\306\213\276\213\241\116\016\133\236\163\260}{}% 67
\BOOKMARK [1][-]{section.5.1}{\376\377\0005\000.\0001\000\040\126\376\117\341\140\157\117\335\133\130\152\041\127\127\213\276\213\241\116\016\133\236\163\260}{chapter.5}% 68
\BOOKMARK [2][-]{subsection.5.1.1}{\376\377\0005\000.\0001\000.\0001\000\040\117\335\133\130\176\323\147\204\117\341\140\157}{section.5.1}% 69
\BOOKMARK [2][-]{subsection.5.1.2}{\376\377\0005\000.\0001\000.\0002\000\040\117\335\133\130\147\103\120\074\117\341\140\157}{section.5.1}% 70
\BOOKMARK [2][-]{subsection.5.1.3}{\376\377\0005\000.\0001\000.\0003\000\040\117\335\133\130\000J\000s\000o\000n\000T\000r\000e\000e\122\060\145\207\116\366}{section.5.1}% 71
\BOOKMARK [1][-]{section.5.2}{\376\377\0005\000.\0002\000\040\126\376\117\341\140\157\213\306\122\053\152\041\127\127\213\276\213\241\116\016\133\236\163\260}{chapter.5}% 72
\BOOKMARK [1][-]{section.5.3}{\376\377\0005\000.\0003\000\040\143\007\116\344\117\335\133\130\124\214\122\240\217\175\152\041\127\127\213\276\213\241\116\016\133\236\163\260}{chapter.5}% 73
\BOOKMARK [1][-]{section.5.4}{\376\377\0005\000.\0004\000\040\147\103\120\074\146\377\143\142\152\041\127\127\213\276\213\241\116\016\133\236\163\260}{chapter.5}% 74
\BOOKMARK [1][-]{section.5.5}{\376\377\0005\000.\0005\000\040\143\007\116\344\146\377\143\142\152\041\127\127\213\276\213\241\116\016\133\236\163\260}{chapter.5}% 75
\BOOKMARK [1][-]{section.5.6}{\376\377\0005\000.\0006\000\040\147\103\120\074\221\317\123\026\152\041\127\127\213\276\213\241\116\016\133\236\163\260}{chapter.5}% 76
\BOOKMARK [1][-]{section.5.7}{\376\377\0005\000.\0007\000\040\147\054\172\340\134\017\176\323}{chapter.5}% 77
\BOOKMARK [0][]{chapter.6}{\376\377\173\054\0006\172\340\000\040\174\373\176\337\155\113\213\325}{}% 78
\BOOKMARK [1][-]{section.6.1}{\376\377\0006\000.\0001\000\040\155\113\213\325\163\257\130\203}{chapter.6}% 79
\BOOKMARK [2][-]{subsection.6.1.1}{\376\377\0006\000.\0001\000.\0001\000\040\155\113\213\325\145\271\154\325}{section.6.1}% 80
\BOOKMARK [2][-]{subsection.6.1.2}{\376\377\0006\000.\0001\000.\0002\000\040\155\113\213\325\163\257\130\203\221\115\177\156}{section.6.1}% 81
\BOOKMARK [1][-]{section.6.2}{\376\377\0006\000.\0002\000\040\140\047\200\375\155\113\213\325}{chapter.6}% 82
\BOOKMARK [2][-]{subsection.6.2.1}{\376\377\0006\000.\0002\000.\0001\000\040\143\007\116\344\177\023\133\130\140\047\200\375\155\113\213\325}{section.6.2}% 83
\BOOKMARK [2][-]{subsection.6.2.2}{\376\377\0006\000.\0002\000.\0002\000\040\147\103\120\074\221\317\123\026\140\047\200\375\155\113\213\325}{section.6.2}% 84
\BOOKMARK [2][-]{subsection.6.2.3}{\376\377\0006\000.\0002\000.\0003\000\040\147\103\120\074\221\317\123\026\174\276\136\246\155\113\213\325}{section.6.2}% 85
\BOOKMARK [1][-]{section.6.3}{\376\377\0006\000.\0003\000\040\176\323\213\272}{chapter.6}% 86
\BOOKMARK [0][]{chapter.7}{\376\377\173\054\0007\172\340\000\040\140\073\176\323\116\016\134\125\147\033}{}% 87
\BOOKMARK [1][-]{section.7.1}{\376\377\0007\000.\0001\000\040\147\054\145\207\135\345\117\134\140\073\176\323}{chapter.7}% 88
\BOOKMARK [1][-]{section.7.2}{\376\377\0007\000.\0002\000\040\134\125\147\033}{chapter.7}% 89
\BOOKMARK [0][]{chapter*.64}{\376\377\123\302\200\003\145\207\163\056}{}% 90
\BOOKMARK [0][]{appendix*.65}{\376\377\201\364\214\042}{}% 91
